<?xml version="1.0" encoding="UTF-8"?>
<testsuite name="com.sibsiu.dbwebservice.DbWebServiceApplicationTests" tests="1" skipped="0" failures="0" errors="0" timestamp="2021-06-08T17:25:35" hostname="DESKTOP-VCJ006T" time="1.948">
  <properties/>
  <testcase name="contextLoads()" classname="com.sibsiu.dbwebservice.DbWebServiceApplicationTests" time="1.948"/>
  <system-out><![CDATA[00:25:25.325 [Test worker] DEBUG org.springframework.test.context.BootstrapUtils - Instantiating CacheAwareContextLoaderDelegate from class [org.springframework.test.context.cache.DefaultCacheAwareContextLoaderDelegate]
00:25:25.355 [Test worker] DEBUG org.springframework.test.context.BootstrapUtils - Instantiating BootstrapContext using constructor [public org.springframework.test.context.support.DefaultBootstrapContext(java.lang.Class,org.springframework.test.context.CacheAwareContextLoaderDelegate)]
00:25:25.465 [Test worker] DEBUG org.springframework.test.context.BootstrapUtils - Instantiating TestContextBootstrapper for test class [com.sibsiu.dbwebservice.DbWebServiceApplicationTests] from class [org.springframework.boot.test.context.SpringBootTestContextBootstrapper]
00:25:25.491 [Test worker] INFO org.springframework.boot.test.context.SpringBootTestContextBootstrapper - Neither @ContextConfiguration nor @ContextHierarchy found for test class [com.sibsiu.dbwebservice.DbWebServiceApplicationTests], using SpringBootContextLoader
00:25:25.498 [Test worker] DEBUG org.springframework.test.context.support.AbstractContextLoader - Did not detect default resource location for test class [com.sibsiu.dbwebservice.DbWebServiceApplicationTests]: class path resource [com/sibsiu/dbwebservice/DbWebServiceApplicationTests-context.xml] does not exist
00:25:25.500 [Test worker] DEBUG org.springframework.test.context.support.AbstractContextLoader - Did not detect default resource location for test class [com.sibsiu.dbwebservice.DbWebServiceApplicationTests]: class path resource [com/sibsiu/dbwebservice/DbWebServiceApplicationTestsContext.groovy] does not exist
00:25:25.502 [Test worker] INFO org.springframework.test.context.support.AbstractContextLoader - Could not detect default resource locations for test class [com.sibsiu.dbwebservice.DbWebServiceApplicationTests]: no resource found for suffixes {-context.xml, Context.groovy}.
00:25:25.504 [Test worker] INFO org.springframework.test.context.support.AnnotationConfigContextLoaderUtils - Could not detect default configuration classes for test class [com.sibsiu.dbwebservice.DbWebServiceApplicationTests]: DbWebServiceApplicationTests does not declare any static, non-private, non-final, nested classes annotated with @Configuration.
00:25:25.667 [Test worker] DEBUG org.springframework.test.context.support.ActiveProfilesUtils - Could not find an 'annotation declaring class' for annotation type [org.springframework.test.context.ActiveProfiles] and class [com.sibsiu.dbwebservice.DbWebServiceApplicationTests]
00:25:25.977 [Test worker] DEBUG org.springframework.context.annotation.ClassPathScanningCandidateComponentProvider - Identified candidate component class: file [C:\Users\Jeff\eclipse-workspace\DBWebService\build\classes\java\main\com\sibsiu\dbwebservice\DbWebServiceApplication.class]
00:25:26.058 [Test worker] INFO org.springframework.boot.test.context.SpringBootTestContextBootstrapper - Found @SpringBootConfiguration com.sibsiu.dbwebservice.DbWebServiceApplication for test class com.sibsiu.dbwebservice.DbWebServiceApplicationTests
00:25:26.656 [Test worker] DEBUG org.springframework.boot.test.context.SpringBootTestContextBootstrapper - @TestExecutionListeners is not present for class [com.sibsiu.dbwebservice.DbWebServiceApplicationTests]: using defaults.
00:25:26.657 [Test worker] INFO org.springframework.boot.test.context.SpringBootTestContextBootstrapper - Loaded default TestExecutionListener class names from location [META-INF/spring.factories]: [org.springframework.boot.test.autoconfigure.restdocs.RestDocsTestExecutionListener, org.springframework.boot.test.autoconfigure.web.client.MockRestServiceServerResetTestExecutionListener, org.springframework.boot.test.autoconfigure.web.servlet.MockMvcPrintOnlyOnFailureTestExecutionListener, org.springframework.boot.test.autoconfigure.web.servlet.WebDriverTestExecutionListener, org.springframework.boot.test.autoconfigure.webservices.client.MockWebServiceServerTestExecutionListener, org.springframework.boot.test.mock.mockito.MockitoTestExecutionListener, org.springframework.boot.test.mock.mockito.ResetMocksTestExecutionListener, org.springframework.test.context.web.ServletTestExecutionListener, org.springframework.test.context.support.DirtiesContextBeforeModesTestExecutionListener, org.springframework.test.context.event.ApplicationEventsTestExecutionListener, org.springframework.test.context.support.DependencyInjectionTestExecutionListener, org.springframework.test.context.support.DirtiesContextTestExecutionListener, org.springframework.test.context.transaction.TransactionalTestExecutionListener, org.springframework.test.context.jdbc.SqlScriptsTestExecutionListener, org.springframework.test.context.event.EventPublishingTestExecutionListener]
00:25:26.789 [Test worker] DEBUG org.springframework.boot.test.context.SpringBootTestContextBootstrapper - Skipping candidate TestExecutionListener [org.springframework.test.context.transaction.TransactionalTestExecutionListener] due to a missing dependency. Specify custom listener classes or make the default listener classes and their required dependencies available. Offending class: [org/springframework/transaction/interceptor/TransactionAttributeSource]
00:25:26.791 [Test worker] DEBUG org.springframework.boot.test.context.SpringBootTestContextBootstrapper - Skipping candidate TestExecutionListener [org.springframework.test.context.jdbc.SqlScriptsTestExecutionListener] due to a missing dependency. Specify custom listener classes or make the default listener classes and their required dependencies available. Offending class: [org/springframework/transaction/interceptor/TransactionAttribute]
00:25:26.793 [Test worker] INFO org.springframework.boot.test.context.SpringBootTestContextBootstrapper - Using TestExecutionListeners: [org.springframework.test.context.web.ServletTestExecutionListener@22281aa4, org.springframework.test.context.support.DirtiesContextBeforeModesTestExecutionListener@ecb2bc3, org.springframework.test.context.event.ApplicationEventsTestExecutionListener@65e6506, org.springframework.boot.test.mock.mockito.MockitoTestExecutionListener@5081a96c, org.springframework.boot.test.autoconfigure.SpringBootDependencyInjectionTestExecutionListener@329e64e2, org.springframework.test.context.support.DirtiesContextTestExecutionListener@655cd441, org.springframework.test.context.event.EventPublishingTestExecutionListener@10dfebb9, org.springframework.boot.test.autoconfigure.restdocs.RestDocsTestExecutionListener@4d48ea07, org.springframework.boot.test.autoconfigure.web.client.MockRestServiceServerResetTestExecutionListener@cb02e38, org.springframework.boot.test.autoconfigure.web.servlet.MockMvcPrintOnlyOnFailureTestExecutionListener@f4d0d33, org.springframework.boot.test.autoconfigure.web.servlet.WebDriverTestExecutionListener@6020ad40, org.springframework.boot.test.autoconfigure.webservices.client.MockWebServiceServerTestExecutionListener@6a327b91, org.springframework.boot.test.mock.mockito.ResetMocksTestExecutionListener@677e4901]
00:25:26.801 [Test worker] DEBUG org.springframework.test.context.support.AbstractDirtiesContextTestExecutionListener - Before test class: context [DefaultTestContext@20d8b354 testClass = DbWebServiceApplicationTests, testInstance = [null], testMethod = [null], testException = [null], mergedContextConfiguration = [WebMergedContextConfiguration@217ff145 testClass = DbWebServiceApplicationTests, locations = '{}', classes = '{class com.sibsiu.dbwebservice.DbWebServiceApplication}', contextInitializerClasses = '[]', activeProfiles = '{}', propertySourceLocations = '{}', propertySourceProperties = '{org.springframework.boot.test.context.SpringBootTestContextBootstrapper=true}', contextCustomizers = set[org.springframework.boot.test.autoconfigure.actuate.metrics.MetricsExportContextCustomizerFactory$DisableMetricExportContextCustomizer@532b1591, org.springframework.boot.test.autoconfigure.properties.PropertyMappingContextCustomizer@0, org.springframework.boot.test.autoconfigure.web.servlet.WebDriverContextCustomizerFactory$Customizer@587eaca2, org.springframework.boot.test.context.filter.ExcludeFilterContextCustomizer@48737904, org.springframework.boot.test.json.DuplicateJsonObjectContextCustomizerFactory$DuplicateJsonObjectContextCustomizer@121c370, org.springframework.boot.test.mock.mockito.MockitoContextCustomizer@0, org.springframework.boot.test.web.client.TestRestTemplateContextCustomizer@41830930, org.springframework.boot.test.context.SpringBootTestArgs@1, org.springframework.boot.test.context.SpringBootTestWebEnvironment@42bd6392], resourceBasePath = 'src/main/webapp', contextLoader = 'org.springframework.boot.test.context.SpringBootContextLoader', parent = [null]], attributes = map['org.springframework.test.context.web.ServletTestExecutionListener.activateListener' -> true]], class annotated with @DirtiesContext [false] with mode [null].
00:25:26.870 [Test worker] DEBUG org.springframework.test.context.support.TestPropertySourceUtils - Adding inlined properties to environment: {spring.jmx.enabled=false, org.springframework.boot.test.context.SpringBootTestContextBootstrapper=true}

  .   ____          _            __ _ _
 /\\ / ___'_ __ _ _(_)_ __  __ _ \ \ \ \
( ( )\___ | '_ | '_| | '_ \/ _` | \ \ \ \
 \\/  ___)| |_)| | | | | || (_| |  ) ) ) )
  '  |____| .__|_| |_|_| |_\__, | / / / /
 =========|_|==============|___/=/_/_/_/
 :: Spring Boot ::                (v2.4.5)

2021-06-09 00:25:28.149  INFO 18436 --- [    Test worker] c.s.d.DbWebServiceApplicationTests       : Starting DbWebServiceApplicationTests using Java 14.0.1 on DESKTOP-VCJ006T with PID 18436 (started by Jeff in C:\Users\Jeff\eclipse-workspace\DBWebService)
2021-06-09 00:25:28.155  INFO 18436 --- [    Test worker] c.s.d.DbWebServiceApplicationTests       : No active profile set, falling back to default profiles: default
2021-06-09 00:25:31.316  INFO 18436 --- [    Test worker] trationDelegate$BeanPostProcessorChecker : Bean 'org.springframework.ws.config.annotation.DelegatingWsConfiguration' of type [org.springframework.ws.config.annotation.DelegatingWsConfiguration$$EnhancerBySpringCGLIB$$d9459d18] is not eligible for getting processed by all BeanPostProcessors (for example: not eligible for auto-proxying)
2021-06-09 00:25:31.993  INFO 18436 --- [    Test worker] .w.s.a.s.AnnotationActionEndpointMapping : Supporting [WS-Addressing August 2004, WS-Addressing 1.0]
2021-06-09 00:25:34.910  INFO 18436 --- [    Test worker] o.s.s.concurrent.ThreadPoolTaskExecutor  : Initializing ExecutorService 'applicationTaskExecutor'
2021-06-09 00:25:35.670  INFO 18436 --- [    Test worker] c.s.d.DbWebServiceApplicationTests       : Started DbWebServiceApplicationTests in 8.731 seconds (JVM running for 15.682)
]]></system-out>
  <system-err><![CDATA[]]></system-err>
</testsuite>
